2016-11-29T14:15:59.140+0530 I CONTROL  [initandlisten] MongoDB starting : pid=22611 port=27018 dbpath=/home/peoplelink/instavc_cloud/node_modules/mockgoose/.mongooseTempDB/27018 64-bit host=peoplelink-TravelMate-P257-M
2016-11-29T14:15:59.140+0530 I CONTROL  [initandlisten] db version v3.2.10
2016-11-29T14:15:59.140+0530 I CONTROL  [initandlisten] git version: 79d9b3ab5ce20f51c272b4411202710a082d0317
2016-11-29T14:15:59.140+0530 I CONTROL  [initandlisten] OpenSSL version: OpenSSL 1.0.2d 9 Jul 2015
2016-11-29T14:15:59.140+0530 I CONTROL  [initandlisten] allocator: tcmalloc
2016-11-29T14:15:59.140+0530 I CONTROL  [initandlisten] modules: none
2016-11-29T14:15:59.140+0530 I CONTROL  [initandlisten] build environment:
2016-11-29T14:15:59.140+0530 I CONTROL  [initandlisten]     distmod: ubuntu1404
2016-11-29T14:15:59.140+0530 I CONTROL  [initandlisten]     distarch: x86_64
2016-11-29T14:15:59.140+0530 I CONTROL  [initandlisten]     target_arch: x86_64
2016-11-29T14:15:59.140+0530 I CONTROL  [initandlisten] options: { net: { bindIp: "127.0.0.1", port: 27018 }, processManagement: { fork: true }, storage: { dbPath: "/home/peoplelink/instavc_cloud/node_modules/mockgoose/.mongooseTempDB/27018", engine: "ephemeralForTest" }, systemLog: { destination: "file", path: "/home/peoplelink/instavc_cloud/mongodb-prebuilt-1480409157926.log" } }
2016-11-29T14:15:59.212+0530 I CONTROL  [initandlisten] ** WARNING: You are running this process as the root user, which is not recommended.
2016-11-29T14:15:59.212+0530 I CONTROL  [initandlisten] 
2016-11-29T14:15:59.212+0530 I CONTROL  [initandlisten] 
2016-11-29T14:15:59.212+0530 I CONTROL  [initandlisten] ** WARNING: /sys/kernel/mm/transparent_hugepage/enabled is 'always'.
2016-11-29T14:15:59.212+0530 I CONTROL  [initandlisten] **        We suggest setting it to 'never'
2016-11-29T14:15:59.212+0530 I CONTROL  [initandlisten] 
2016-11-29T14:15:59.212+0530 I CONTROL  [initandlisten] ** WARNING: /sys/kernel/mm/transparent_hugepage/defrag is 'always'.
2016-11-29T14:15:59.212+0530 I CONTROL  [initandlisten] **        We suggest setting it to 'never'
2016-11-29T14:15:59.212+0530 I CONTROL  [initandlisten] 
2016-11-29T14:15:59.212+0530 I CONTROL  [initandlisten] ** NOTE: The ephemeralForTest storage engine is for testing only. 
2016-11-29T14:15:59.212+0530 I CONTROL  [initandlisten] **       Do not use in production.
2016-11-29T14:15:59.212+0530 I CONTROL  [initandlisten] 
2016-11-29T14:15:59.212+0530 I FTDC     [initandlisten] Initializing full-time diagnostic data capture with directory '/home/peoplelink/instavc_cloud/node_modules/mockgoose/.mongooseTempDB/27018/diagnostic.data'
2016-11-29T14:15:59.212+0530 I NETWORK  [HostnameCanonicalizationWorker] Starting hostname canonicalization worker
2016-11-29T14:15:59.212+0530 I NETWORK  [initandlisten] waiting for connections on port 27018
2016-11-29T14:15:59.249+0530 I NETWORK  [initandlisten] connection accepted from 127.0.0.1:45602 #1 (1 connection now open)
2016-11-29T14:15:59.431+0530 I CONTROL  [signalProcessingThread] got signal 15 (Terminated), will terminate after current cmd ends
2016-11-29T14:15:59.431+0530 I FTDC     [signalProcessingThread] Shutting down full-time diagnostic data capture
2016-11-29T14:15:59.431+0530 I CONTROL  [signalProcessingThread] now exiting
2016-11-29T14:15:59.431+0530 I NETWORK  [signalProcessingThread] shutdown: going to close listening sockets...
2016-11-29T14:15:59.431+0530 I NETWORK  [signalProcessingThread] closing listening socket: 6
2016-11-29T14:15:59.431+0530 I NETWORK  [signalProcessingThread] closing listening socket: 7
2016-11-29T14:15:59.431+0530 I NETWORK  [signalProcessingThread] removing socket file: /tmp/mongodb-27018.sock
2016-11-29T14:15:59.431+0530 I NETWORK  [signalProcessingThread] shutdown: going to flush diaglog...
2016-11-29T14:15:59.431+0530 I NETWORK  [signalProcessingThread] shutdown: going to close sockets...
2016-11-29T14:15:59.431+0530 I STORAGE  [signalProcessingThread] shutdown: removing fs lock...
2016-11-29T14:15:59.431+0530 I CONTROL  [signalProcessingThread] dbexit:  rc: 0
